<?xml version="1.0" encoding="UTF-8"?>
<!-- Generated by org.testng.reporters.JUnitReportReporter -->
<testsuite hostname="DESKTOP-781TC0U" failures="0" tests="3" name="LoginTest.MainFM.TestCase_LogInOrangeHRM" time="51.896" errors="0" timestamp="2022-04-25T17:35:00 EDT" skipped="0">
  <testcase classname="LoginTest.MainFM.TestCase_LogInOrangeHRM" name="login_TestCase" time="16.417"/>
  <system-out/>
  <testcase classname="LoginTest.MainFM.TestCase_LogInOrangeHRM" name="login_TestCase" time="21.777"/>
  <system-out/>
  <testcase classname="LoginTest.MainFM.TestCase_LogInOrangeHRM" name="login_TestCase" time="13.702"/>
  <system-out/>
</testsuite> <!-- LoginTest.MainFM.TestCase_LogInOrangeHRM -->
